0 verbose cli [ '/usr/bin/node', '/usr/bin/npm', 'install', 'yarn', '-g' ]
1 info using npm@7.24.0
2 info using node@v10.24.1
3 timing npm:load:whichnode Completed in 12ms
4 timing config:load:defaults Completed in 9ms
5 timing config:load:file:/usr/lib/node_modules/npm/npmrc Completed in 32ms
6 timing config:load:builtin Completed in 33ms
7 timing config:load:cli Completed in 4ms
8 timing config:load:env Completed in 1ms
9 timing config:load:file:/mnt/c/Users/Noahm/code/uniswap-interface/.npmrc Completed in 2ms
10 timing config:load:project Completed in 107ms
11 timing config:load:file:/home/nmlm/.npmrc Completed in 2ms
12 timing config:load:user Completed in 2ms
13 timing config:load:file:/usr/etc/npmrc Completed in 1ms
14 timing config:load:global Completed in 2ms
15 timing config:load:validate Completed in 1ms
16 timing config:load:credentials Completed in 17ms
17 timing config:load:setEnvs Completed in 7ms
18 timing config:load Completed in 183ms
19 timing npm:load:configload Completed in 184ms
20 timing npm:load:setTitle Completed in 1ms
21 timing npm:load:setupLog Completed in 1ms
22 timing config:load:flatten Completed in 27ms
23 timing npm:load:cleanupLog Completed in 20ms
24 timing npm:load:configScope Completed in 0ms
25 timing npm:load:projectScope Completed in 19ms
26 timing npm:load Completed in 284ms
27 timing arborist:ctor Completed in 1ms
28 timing idealTree:init Completed in 41ms
29 timing idealTree:userRequests Completed in 28ms
30 silly idealTree buildDeps
31 silly fetch manifest yarn@*
32 http fetch GET 200 https://registry.npmjs.org/yarn 1714ms (cache miss)
33 silly placeDep ROOT yarn@1.22.11 Symbol(OK) for:  want: *
34 timing idealTree:#root Completed in 1793ms
35 timing idealTree:node_modules/yarn Completed in 0ms
36 timing idealTree:buildDeps Completed in 1882ms
37 timing idealTree:fixDepFlags Completed in 2ms
38 timing idealTree Completed in 1957ms
39 timing reify:loadTrees Completed in 2032ms
40 timing reify:diffTrees Completed in 2ms
41 silly reify moves {}
42 timing reify:retireShallow Completed in 1ms
43 timing reify:rollback:createSparse Completed in 1ms
44 timing reify:rollback:retireShallow Completed in 0ms
45 timing command:install Completed in 2213ms
46 verbose stack Error: EACCES: permission denied, mkdir '/usr/lib/node_modules/yarn'
47 verbose cwd /mnt/c/Users/Noahm/code/uniswap-interface
48 verbose Linux 5.10.16.3-microsoft-standard-WSL2
49 verbose argv "/usr/bin/node" "/usr/bin/npm" "install" "yarn" "-g"
50 verbose node v10.24.1
51 verbose npm  v7.24.0
52 error code EACCES
53 error syscall mkdir
54 error path /usr/lib/node_modules/yarn
55 error errno -13
56 error Error: EACCES: permission denied, mkdir '/usr/lib/node_modules/yarn'
56 error  { [Error: EACCES: permission denied, mkdir '/usr/lib/node_modules/yarn']
56 error   stack:
56 error    'Error: EACCES: permission denied, mkdir \'/usr/lib/node_modules/yarn\'',
56 error   errno: -13,
56 error   code: 'EACCES',
56 error   syscall: 'mkdir',
56 error   path: '/usr/lib/node_modules/yarn' }
57 error The operation was rejected by your operating system.
57 error It is likely you do not have the permissions to access this file as the current user
57 error
57 error If you believe this might be a permissions issue, please double-check the
57 error permissions of the file and its containing directories, or try running
57 error the command again as root/Administrator.
58 verbose exit -13
