0 verbose cli [ '/usr/bin/node', '/usr/bin/npm', 'install', 'yarn', '-g' ]
1 info using npm@7.24.0
2 info using node@v10.24.1
3 timing npm:load:whichnode Completed in 0ms
4 timing config:load:defaults Completed in 1ms
5 timing config:load:file:/usr/lib/node_modules/npm/npmrc Completed in 59ms
6 timing config:load:builtin Completed in 59ms
7 timing config:load:cli Completed in 2ms
8 timing config:load:env Completed in 0ms
9 timing config:load:file:/mnt/c/Users/Noahm/code/uniswap-interface/.npmrc Completed in 1ms
10 timing config:load:project Completed in 32ms
11 timing config:load:file:/root/.npmrc Completed in 0ms
12 timing config:load:user Completed in 0ms
13 timing config:load:file:/usr/etc/npmrc Completed in 1ms
14 timing config:load:global Completed in 2ms
15 timing config:load:validate Completed in 0ms
16 timing config:load:credentials Completed in 1ms
17 timing config:load:setEnvs Completed in 0ms
18 timing config:load Completed in 97ms
19 timing npm:load:configload Completed in 97ms
20 timing npm:load:setTitle Completed in 1ms
21 timing npm:load:setupLog Completed in 0ms
22 timing config:load:flatten Completed in 20ms
23 timing npm:load:cleanupLog Completed in 3ms
24 timing npm:load:configScope Completed in 0ms
25 timing npm:load:projectScope Completed in 0ms
26 timing npm:load Completed in 123ms
27 timing arborist:ctor Completed in 0ms
28 timing idealTree:init Completed in 272ms
29 timing idealTree:userRequests Completed in 2ms
30 silly idealTree buildDeps
31 silly fetch manifest yarn@*
32 http fetch GET 200 https://registry.npmjs.org/yarn 425ms (cache hit)
33 silly placeDep ROOT yarn@1.22.11 Symbol(OK) for:  want: *
34 timing idealTree:#root Completed in 435ms
35 timing idealTree:node_modules/yarn Completed in 0ms
36 timing idealTree:buildDeps Completed in 439ms
37 timing idealTree:fixDepFlags Completed in 1ms
38 timing idealTree Completed in 715ms
39 timing reify:loadTrees Completed in 729ms
40 timing reify:diffTrees Completed in 1ms
41 silly reify moves {}
42 timing reify:retireShallow Completed in 0ms
43 timing reify:createSparse Completed in 285ms
44 timing reify:loadBundles Completed in 0ms
45 silly audit bulk request { yarn: [ '1.22.11' ] }
46 timing reify:rollback:createSparse Completed in 5ms
47 timing reify:rollback:retireShallow Completed in 0ms
48 timing command:install Completed in 1309ms
49 verbose stack Error: EEXIST: file already exists
49 verbose stack     at failEEXIST (/usr/lib/node_modules/npm/node_modules/bin-links/lib/check-bin.js:46:32)
49 verbose stack     at handleReadLinkError (/usr/lib/node_modules/npm/node_modules/bin-links/lib/check-bin.js:26:5)
49 verbose stack     at readlink.catch.er (/usr/lib/node_modules/npm/node_modules/bin-links/lib/check-bin.js:30:18)
50 verbose cwd /mnt/c/Users/Noahm/code/uniswap-interface
51 verbose Linux 5.10.16.3-microsoft-standard-WSL2
52 verbose argv "/usr/bin/node" "/usr/bin/npm" "install" "yarn" "-g"
53 verbose node v10.24.1
54 verbose npm  v7.24.0
55 error code EEXIST
56 error path /usr/bin/yarn
57 error EEXIST: file already exists
58 error File exists: /usr/bin/yarn
59 error Remove the existing file and try again, or run npm
60 error with --force to overwrite files recklessly.
61 verbose exit 1
